{"C:\\Users\\Administrador\\Documents\\Typescript\\Wallet\\WalletAPI\\src\\prisma\\index.ts": {"path":"C:\\Users\\Administrador\\Documents\\Typescript\\Wallet\\WalletAPI\\src\\prisma\\index.ts","all":false,"statementMap":{"0":{"start":{"line":1,"column":0},"end":{"line":1,"column":46}},"1":{"start":{"line":2,"column":0},"end":{"line":2,"column":0}},"2":{"start":{"line":3,"column":0},"end":{"line":3,"column":34}},"3":{"start":{"line":4,"column":0},"end":{"line":4,"column":0}},"4":{"start":{"line":5,"column":0},"end":{"line":5,"column":22}}},"s":{"0":1,"1":1,"2":1,"3":1,"4":1},"branchMap":{},"b":{},"fnMap":{},"f":{}}
,"C:\\Users\\Administrador\\Documents\\Typescript\\Wallet\\WalletAPI\\src\\schemas\\saveUserSchema.ts": {"path":"C:\\Users\\Administrador\\Documents\\Typescript\\Wallet\\WalletAPI\\src\\schemas\\saveUserSchema.ts","all":false,"statementMap":{"0":{"start":{"line":1,"column":0},"end":{"line":1,"column":24}},"1":{"start":{"line":2,"column":0},"end":{"line":2,"column":0}},"2":{"start":{"line":3,"column":0},"end":{"line":3,"column":37}},"3":{"start":{"line":4,"column":0},"end":{"line":4,"column":47}},"4":{"start":{"line":5,"column":0},"end":{"line":5,"column":76}},"5":{"start":{"line":6,"column":0},"end":{"line":6,"column":53}},"6":{"start":{"line":7,"column":0},"end":{"line":7,"column":51}},"7":{"start":{"line":8,"column":0},"end":{"line":8,"column":53}},"8":{"start":{"line":9,"column":0},"end":{"line":9,"column":51}},"9":{"start":{"line":10,"column":0},"end":{"line":10,"column":0}},"10":{"start":{"line":11,"column":0},"end":{"line":11,"column":33}},"11":{"start":{"line":12,"column":0},"end":{"line":12,"column":9}},"12":{"start":{"line":13,"column":0},"end":{"line":13,"column":13}},"13":{"start":{"line":14,"column":0},"end":{"line":14,"column":41}},"14":{"start":{"line":15,"column":0},"end":{"line":15,"column":39}},"15":{"start":{"line":16,"column":0},"end":{"line":16,"column":6}},"16":{"start":{"line":17,"column":0},"end":{"line":17,"column":49}},"17":{"start":{"line":18,"column":0},"end":{"line":18,"column":54}},"18":{"start":{"line":19,"column":0},"end":{"line":19,"column":10}},"19":{"start":{"line":20,"column":0},"end":{"line":20,"column":13}},"20":{"start":{"line":21,"column":0},"end":{"line":21,"column":42}},"21":{"start":{"line":22,"column":0},"end":{"line":22,"column":40}},"22":{"start":{"line":23,"column":0},"end":{"line":23,"column":6}},"23":{"start":{"line":24,"column":0},"end":{"line":24,"column":50}},"24":{"start":{"line":25,"column":0},"end":{"line":25,"column":53}},"25":{"start":{"line":26,"column":0},"end":{"line":26,"column":13}},"26":{"start":{"line":27,"column":0},"end":{"line":27,"column":13}},"27":{"start":{"line":28,"column":0},"end":{"line":28,"column":45}},"28":{"start":{"line":29,"column":0},"end":{"line":29,"column":43}},"29":{"start":{"line":30,"column":0},"end":{"line":30,"column":6}},"30":{"start":{"line":31,"column":0},"end":{"line":31,"column":53}},"31":{"start":{"line":32,"column":0},"end":{"line":32,"column":56}},"32":{"start":{"line":33,"column":0},"end":{"line":33,"column":3}},"33":{"start":{"line":34,"column":0},"end":{"line":34,"column":0}},"34":{"start":{"line":35,"column":0},"end":{"line":35,"column":63}},"35":{"start":{"line":36,"column":0},"end":{"line":36,"column":30}}},"s":{"0":1,"1":1,"2":1,"3":6,"4":1,"5":1,"6":6,"7":1,"8":6,"9":1,"10":1,"11":1,"12":1,"13":1,"14":1,"15":1,"16":1,"17":1,"18":1,"19":1,"20":1,"21":1,"22":1,"23":1,"24":1,"25":1,"26":1,"27":1,"28":1,"29":1,"30":1,"31":1,"32":1,"33":1,"34":1,"35":1},"branchMap":{"0":{"type":"branch","line":3,"loc":{"start":{"line":3,"column":19},"end":{"line":4,"column":47}},"locations":[{"start":{"line":3,"column":19},"end":{"line":4,"column":47}}]},"1":{"type":"branch","line":5,"loc":{"start":{"line":5,"column":13},"end":{"line":5,"column":76}},"locations":[{"start":{"line":5,"column":13},"end":{"line":5,"column":76}}]},"2":{"type":"branch","line":6,"loc":{"start":{"line":6,"column":21},"end":{"line":7,"column":51}},"locations":[{"start":{"line":6,"column":21},"end":{"line":7,"column":51}}]},"3":{"type":"branch","line":8,"loc":{"start":{"line":8,"column":21},"end":{"line":9,"column":51}},"locations":[{"start":{"line":8,"column":21},"end":{"line":9,"column":51}}]}},"b":{"0":[6],"1":[6],"2":[6],"3":[6]},"fnMap":{"0":{"name":"voidOrNull","decl":{"start":{"line":3,"column":19},"end":{"line":4,"column":47}},"loc":{"start":{"line":3,"column":19},"end":{"line":4,"column":47}},"line":3},"1":{"name":"type","decl":{"start":{"line":5,"column":13},"end":{"line":5,"column":76}},"loc":{"start":{"line":5,"column":13},"end":{"line":5,"column":76}},"line":5},"2":{"name":"minCharacter","decl":{"start":{"line":6,"column":21},"end":{"line":7,"column":51}},"loc":{"start":{"line":6,"column":21},"end":{"line":7,"column":51}},"line":6},"3":{"name":"maxCharacter","decl":{"start":{"line":8,"column":21},"end":{"line":9,"column":51}},"loc":{"start":{"line":8,"column":21},"end":{"line":9,"column":51}},"line":8}},"f":{"0":6,"1":6,"2":6,"3":6}}
,"C:\\Users\\Administrador\\Documents\\Typescript\\Wallet\\WalletAPI\\src\\services\\accountService\\deleteAccount.ts": {"path":"C:\\Users\\Administrador\\Documents\\Typescript\\Wallet\\WalletAPI\\src\\services\\accountService\\deleteAccount.ts","all":false,"statementMap":{"0":{"start":{"line":1,"column":0},"end":{"line":1,"column":34}},"1":{"start":{"line":2,"column":0},"end":{"line":2,"column":0}},"2":{"start":{"line":3,"column":0},"end":{"line":3,"column":41}},"3":{"start":{"line":4,"column":0},"end":{"line":4,"column":0}},"4":{"start":{"line":5,"column":0},"end":{"line":5,"column":42}},"5":{"start":{"line":6,"column":0},"end":{"line":6,"column":42}},"6":{"start":{"line":7,"column":0},"end":{"line":7,"column":32}},"7":{"start":{"line":8,"column":0},"end":{"line":8,"column":14}},"8":{"start":{"line":9,"column":0},"end":{"line":9,"column":22}},"9":{"start":{"line":10,"column":0},"end":{"line":10,"column":7}},"10":{"start":{"line":11,"column":0},"end":{"line":11,"column":8}},"11":{"start":{"line":12,"column":0},"end":{"line":12,"column":4}},"12":{"start":{"line":13,"column":0},"end":{"line":13,"column":1}},"13":{"start":{"line":14,"column":0},"end":{"line":14,"column":0}},"14":{"start":{"line":15,"column":0},"end":{"line":15,"column":29}}},"s":{"0":1,"1":1,"2":1,"3":1,"4":1,"5":1,"6":1,"7":1,"8":1,"9":1,"10":1,"11":1,"12":1,"13":1,"14":1},"branchMap":{"0":{"type":"branch","line":5,"loc":{"start":{"line":5,"column":0},"end":{"line":13,"column":1}},"locations":[{"start":{"line":5,"column":0},"end":{"line":13,"column":1}}]}},"b":{"0":[1]},"fnMap":{"0":{"name":"deleteAccount","decl":{"start":{"line":5,"column":0},"end":{"line":13,"column":1}},"loc":{"start":{"line":5,"column":0},"end":{"line":13,"column":1}},"line":5}},"f":{"0":1}}
,"C:\\Users\\Administrador\\Documents\\Typescript\\Wallet\\WalletAPI\\src\\services\\accountService\\findAccountByUserId.ts": {"path":"C:\\Users\\Administrador\\Documents\\Typescript\\Wallet\\WalletAPI\\src\\services\\accountService\\findAccountByUserId.ts","all":false,"statementMap":{"0":{"start":{"line":1,"column":0},"end":{"line":1,"column":34}},"1":{"start":{"line":2,"column":0},"end":{"line":2,"column":0}},"2":{"start":{"line":3,"column":0},"end":{"line":3,"column":41}},"3":{"start":{"line":4,"column":0},"end":{"line":4,"column":0}},"4":{"start":{"line":5,"column":0},"end":{"line":5,"column":54}},"5":{"start":{"line":6,"column":0},"end":{"line":6,"column":43}},"6":{"start":{"line":7,"column":0},"end":{"line":7,"column":22}},"7":{"start":{"line":8,"column":0},"end":{"line":8,"column":5}},"8":{"start":{"line":9,"column":0},"end":{"line":9,"column":1}},"9":{"start":{"line":10,"column":0},"end":{"line":10,"column":0}},"10":{"start":{"line":11,"column":0},"end":{"line":11,"column":36}}},"s":{"0":1,"1":1,"2":1,"3":1,"4":1,"5":1,"6":1,"7":1,"8":1,"9":1,"10":1},"branchMap":{"0":{"type":"branch","line":5,"loc":{"start":{"line":5,"column":0},"end":{"line":9,"column":1}},"locations":[{"start":{"line":5,"column":0},"end":{"line":9,"column":1}}]}},"b":{"0":[1]},"fnMap":{"0":{"name":"findAccountsByUserId","decl":{"start":{"line":5,"column":0},"end":{"line":9,"column":1}},"loc":{"start":{"line":5,"column":0},"end":{"line":9,"column":1}},"line":5}},"f":{"0":1}}
,"C:\\Users\\Administrador\\Documents\\Typescript\\Wallet\\WalletAPI\\src\\services\\accountService\\saveAccount.ts": {"path":"C:\\Users\\Administrador\\Documents\\Typescript\\Wallet\\WalletAPI\\src\\services\\accountService\\saveAccount.ts","all":false,"statementMap":{"0":{"start":{"line":1,"column":0},"end":{"line":1,"column":41}},"1":{"start":{"line":2,"column":0},"end":{"line":2,"column":34}},"2":{"start":{"line":3,"column":0},"end":{"line":3,"column":0}},"3":{"start":{"line":4,"column":0},"end":{"line":4,"column":41}},"4":{"start":{"line":5,"column":0},"end":{"line":5,"column":0}},"5":{"start":{"line":6,"column":0},"end":{"line":6,"column":43}},"6":{"start":{"line":7,"column":0},"end":{"line":7,"column":50}},"7":{"start":{"line":8,"column":0},"end":{"line":8,"column":1}},"8":{"start":{"line":9,"column":0},"end":{"line":9,"column":0}},"9":{"start":{"line":10,"column":0},"end":{"line":10,"column":27}}},"s":{"0":1,"1":1,"2":1,"3":1,"4":1,"5":5,"6":5,"7":5,"8":1,"9":1},"branchMap":{"0":{"type":"branch","line":6,"loc":{"start":{"line":6,"column":0},"end":{"line":8,"column":1}},"locations":[{"start":{"line":6,"column":0},"end":{"line":8,"column":1}}]}},"b":{"0":[5]},"fnMap":{"0":{"name":"saveAccount","decl":{"start":{"line":6,"column":0},"end":{"line":8,"column":1}},"loc":{"start":{"line":6,"column":0},"end":{"line":8,"column":1}},"line":6}},"f":{"0":5}}
,"C:\\Users\\Administrador\\Documents\\Typescript\\Wallet\\WalletAPI\\src\\services\\userService\\findUserByLogin.ts": {"path":"C:\\Users\\Administrador\\Documents\\Typescript\\Wallet\\WalletAPI\\src\\services\\userService\\findUserByLogin.ts","all":false,"statementMap":{"0":{"start":{"line":1,"column":0},"end":{"line":1,"column":34}},"1":{"start":{"line":2,"column":0},"end":{"line":2,"column":58}},"2":{"start":{"line":3,"column":0},"end":{"line":3,"column":31}},"3":{"start":{"line":4,"column":0},"end":{"line":4,"column":0}},"4":{"start":{"line":5,"column":0},"end":{"line":5,"column":35}},"5":{"start":{"line":6,"column":0},"end":{"line":6,"column":0}},"6":{"start":{"line":7,"column":0},"end":{"line":7,"column":0}},"7":{"start":{"line":8,"column":0},"end":{"line":8,"column":47}},"8":{"start":{"line":9,"column":0},"end":{"line":9,"column":0}},"9":{"start":{"line":10,"column":0},"end":{"line":10,"column":7}},"10":{"start":{"line":11,"column":0},"end":{"line":11,"column":98}},"11":{"start":{"line":12,"column":0},"end":{"line":12,"column":84}},"12":{"start":{"line":13,"column":0},"end":{"line":13,"column":24}},"13":{"start":{"line":14,"column":0},"end":{"line":14,"column":18}},"14":{"start":{"line":15,"column":0},"end":{"line":15,"column":36}},"15":{"start":{"line":16,"column":0},"end":{"line":16,"column":77}},"16":{"start":{"line":17,"column":0},"end":{"line":17,"column":5}},"17":{"start":{"line":18,"column":0},"end":{"line":18,"column":3}},"18":{"start":{"line":19,"column":0},"end":{"line":19,"column":0}},"19":{"start":{"line":20,"column":0},"end":{"line":20,"column":1}},"20":{"start":{"line":21,"column":0},"end":{"line":21,"column":0}},"21":{"start":{"line":22,"column":0},"end":{"line":22,"column":31}}},"s":{"0":1,"1":1,"2":1,"3":1,"4":1,"5":1,"6":1,"7":3,"8":3,"9":3,"10":3,"11":3,"12":3,"13":3,"14":1,"15":1,"16":1,"17":1,"18":3,"19":3,"20":1,"21":1},"branchMap":{"0":{"type":"branch","line":8,"loc":{"start":{"line":8,"column":0},"end":{"line":20,"column":1}},"locations":[{"start":{"line":8,"column":0},"end":{"line":20,"column":1}}]},"1":{"type":"branch","line":13,"loc":{"start":{"line":13,"column":11},"end":{"line":13,"column":24}},"locations":[{"start":{"line":13,"column":11},"end":{"line":13,"column":24}}]},"2":{"type":"branch","line":14,"loc":{"start":{"line":14,"column":2},"end":{"line":18,"column":3}},"locations":[{"start":{"line":14,"column":2},"end":{"line":18,"column":3}}]},"3":{"type":"branch","line":16,"loc":{"start":{"line":16,"column":39},"end":{"line":16,"column":63}},"locations":[{"start":{"line":16,"column":39},"end":{"line":16,"column":63}}]}},"b":{"0":[3],"1":[0],"2":[1],"3":[1]},"fnMap":{"0":{"name":"findUserByLogin","decl":{"start":{"line":8,"column":0},"end":{"line":20,"column":1}},"loc":{"start":{"line":8,"column":0},"end":{"line":20,"column":1}},"line":8}},"f":{"0":3}}
,"C:\\Users\\Administrador\\Documents\\Typescript\\Wallet\\WalletAPI\\src\\services\\userService\\index.ts": {"path":"C:\\Users\\Administrador\\Documents\\Typescript\\Wallet\\WalletAPI\\src\\services\\userService\\index.ts","all":false,"statementMap":{"0":{"start":{"line":1,"column":0},"end":{"line":1,"column":48}},"1":{"start":{"line":2,"column":0},"end":{"line":2,"column":34}},"2":{"start":{"line":3,"column":0},"end":{"line":3,"column":0}},"3":{"start":{"line":4,"column":0},"end":{"line":4,"column":0}},"4":{"start":{"line":5,"column":0},"end":{"line":5,"column":21}},"5":{"start":{"line":6,"column":0},"end":{"line":6,"column":11}},"6":{"start":{"line":7,"column":0},"end":{"line":7,"column":18}},"7":{"start":{"line":8,"column":0},"end":{"line":8,"column":2}},"8":{"start":{"line":9,"column":0},"end":{"line":9,"column":0}},"9":{"start":{"line":10,"column":0},"end":{"line":10,"column":0}},"10":{"start":{"line":11,"column":0},"end":{"line":11,"column":27}}},"s":{"0":1,"1":1,"2":1,"3":1,"4":1,"5":1,"6":1,"7":1,"8":1,"9":1,"10":1},"branchMap":{},"b":{},"fnMap":{},"f":{}}
,"C:\\Users\\Administrador\\Documents\\Typescript\\Wallet\\WalletAPI\\src\\services\\userService\\saveUser.ts": {"path":"C:\\Users\\Administrador\\Documents\\Typescript\\Wallet\\WalletAPI\\src\\services\\userService\\saveUser.ts","all":false,"statementMap":{"0":{"start":{"line":1,"column":0},"end":{"line":1,"column":31}},"1":{"start":{"line":2,"column":0},"end":{"line":2,"column":34}},"2":{"start":{"line":3,"column":0},"end":{"line":3,"column":82}},"3":{"start":{"line":4,"column":0},"end":{"line":4,"column":28}},"4":{"start":{"line":5,"column":0},"end":{"line":5,"column":0}},"5":{"start":{"line":6,"column":0},"end":{"line":6,"column":35}},"6":{"start":{"line":7,"column":0},"end":{"line":7,"column":0}},"7":{"start":{"line":8,"column":0},"end":{"line":8,"column":51}},"8":{"start":{"line":9,"column":0},"end":{"line":9,"column":7}},"9":{"start":{"line":10,"column":0},"end":{"line":10,"column":0}},"10":{"start":{"line":11,"column":0},"end":{"line":11,"column":53}},"11":{"start":{"line":12,"column":0},"end":{"line":12,"column":0}},"12":{"start":{"line":13,"column":0},"end":{"line":13,"column":42}},"13":{"start":{"line":14,"column":0},"end":{"line":14,"column":68}},"14":{"start":{"line":15,"column":0},"end":{"line":15,"column":0}},"15":{"start":{"line":16,"column":0},"end":{"line":16,"column":77}},"16":{"start":{"line":17,"column":0},"end":{"line":17,"column":0}},"17":{"start":{"line":18,"column":0},"end":{"line":18,"column":12}},"18":{"start":{"line":19,"column":0},"end":{"line":19,"column":25}},"19":{"start":{"line":20,"column":0},"end":{"line":20,"column":29}},"20":{"start":{"line":21,"column":0},"end":{"line":21,"column":31}},"21":{"start":{"line":22,"column":0},"end":{"line":22,"column":6}},"22":{"start":{"line":23,"column":0},"end":{"line":23,"column":0}},"23":{"start":{"line":24,"column":0},"end":{"line":24,"column":19}},"24":{"start":{"line":25,"column":0},"end":{"line":25,"column":36}},"25":{"start":{"line":26,"column":0},"end":{"line":26,"column":77}},"26":{"start":{"line":27,"column":0},"end":{"line":27,"column":12}},"27":{"start":{"line":28,"column":0},"end":{"line":28,"column":18}},"28":{"start":{"line":29,"column":0},"end":{"line":29,"column":5}},"29":{"start":{"line":30,"column":0},"end":{"line":30,"column":3}},"30":{"start":{"line":31,"column":0},"end":{"line":31,"column":1}},"31":{"start":{"line":32,"column":0},"end":{"line":32,"column":0}},"32":{"start":{"line":33,"column":0},"end":{"line":33,"column":24}}},"s":{"0":1,"1":1,"2":1,"3":1,"4":1,"5":1,"6":1,"7":11,"8":11,"9":11,"10":11,"11":11,"12":11,"13":10,"14":10,"15":10,"16":9,"17":9,"18":9,"19":9,"20":9,"21":9,"22":9,"23":11,"24":2,"25":1,"26":1,"27":1,"28":1,"29":2,"30":11,"31":1,"32":1},"branchMap":{"0":{"type":"branch","line":8,"loc":{"start":{"line":8,"column":0},"end":{"line":31,"column":1}},"locations":[{"start":{"line":8,"column":0},"end":{"line":31,"column":1}}]},"1":{"type":"branch","line":13,"loc":{"start":{"line":13,"column":40},"end":{"line":16,"column":77}},"locations":[{"start":{"line":13,"column":40},"end":{"line":16,"column":77}}]},"2":{"type":"branch","line":16,"loc":{"start":{"line":16,"column":75},"end":{"line":24,"column":11}},"locations":[{"start":{"line":16,"column":75},"end":{"line":24,"column":11}}]},"3":{"type":"branch","line":24,"loc":{"start":{"line":24,"column":2},"end":{"line":30,"column":3}},"locations":[{"start":{"line":24,"column":2},"end":{"line":30,"column":3}}]},"4":{"type":"branch","line":25,"loc":{"start":{"line":25,"column":35},"end":{"line":29,"column":5}},"locations":[{"start":{"line":25,"column":35},"end":{"line":29,"column":5}}]},"5":{"type":"branch","line":26,"loc":{"start":{"line":26,"column":39},"end":{"line":26,"column":63}},"locations":[{"start":{"line":26,"column":39},"end":{"line":26,"column":63}}]}},"b":{"0":[11],"1":[10],"2":[9],"3":[2],"4":[1],"5":[1]},"fnMap":{"0":{"name":"saveUser","decl":{"start":{"line":8,"column":0},"end":{"line":31,"column":1}},"loc":{"start":{"line":8,"column":0},"end":{"line":31,"column":1}},"line":8}},"f":{"0":11}}
}
